<?xml version="1.0" encoding="UTF-8"?>
<testng-results ignored="0" total="1" passed="0" failed="1" skipped="0">
  <reporter-output>
  </reporter-output>
  <suite started-at="2024-03-28T12:52:26 IST" name="Default suite" finished-at="2024-03-28T12:52:47 IST" duration-ms="20822">
    <groups>
    </groups>
    <test started-at="2024-03-28T12:52:26 IST" name="Default test" finished-at="2024-03-28T12:52:47 IST" duration-ms="20822">
      <class name="employeemanagement.PimPageTest">
        <test-method is-config="true" signature="setUp()[pri:0, instance:employeemanagement.PimPageTest@75d4a5c2]" started-at="2024-03-28T12:52:26 IST" name="setUp" finished-at="2024-03-28T12:52:32 IST" duration-ms="5590" status="PASS">
          <reporter-output>
          </reporter-output>
        </test-method> <!-- setUp -->
        <test-method signature="testAllCategory()[pri:0, instance:employeemanagement.PimPageTest@75d4a5c2]" started-at="2024-03-28T12:52:32 IST" name="testAllCategory" finished-at="2024-03-28T12:52:45 IST" duration-ms="13709" status="FAIL">
          <exception class="java.lang.AssertionError">
            <message>
              <![CDATA[No employee with given details Info
No Records Found
×]]>
            </message>
            <full-stacktrace>
              <![CDATA[java.lang.AssertionError: No employee with given details Info
No Records Found
×
at org.testng.Assert.fail(Assert.java:111)
at employeemanagement.common.pages.PimPage.clickButton(PimPage.java:79)
at employeemanagement.PimPageTest.testAllCategory(PimPageTest.java:160)
at java.base/jdk.internal.reflect.NativeMethodAccessorImpl.invoke0(Native Method)
at java.base/jdk.internal.reflect.NativeMethodAccessorImpl.invoke(NativeMethodAccessorImpl.java:77)
at java.base/jdk.internal.reflect.DelegatingMethodAccessorImpl.invoke(DelegatingMethodAccessorImpl.java:43)
at java.base/java.lang.reflect.Method.invoke(Method.java:568)
at org.testng.internal.invokers.MethodInvocationHelper.invokeMethod(MethodInvocationHelper.java:139)
at org.testng.internal.invokers.TestInvoker.invokeMethod(TestInvoker.java:664)
at org.testng.internal.invokers.TestInvoker.invokeTestMethod(TestInvoker.java:228)
at org.testng.internal.invokers.MethodRunner.runInSequence(MethodRunner.java:63)
at org.testng.internal.invokers.TestInvoker$MethodInvocationAgent.invoke(TestInvoker.java:961)
at org.testng.internal.invokers.TestInvoker.invokeTestMethods(TestInvoker.java:201)
at org.testng.internal.invokers.TestMethodWorker.invokeTestMethods(TestMethodWorker.java:148)
at org.testng.internal.invokers.TestMethodWorker.run(TestMethodWorker.java:128)
at java.base/java.util.ArrayList.forEach(ArrayList.java:1511)
at org.testng.TestRunner.privateRun(TestRunner.java:819)
at org.testng.TestRunner.run(TestRunner.java:619)
at org.testng.SuiteRunner.runTest(SuiteRunner.java:443)
at org.testng.SuiteRunner.runSequentially(SuiteRunner.java:437)
at org.testng.SuiteRunner.privateRun(SuiteRunner.java:397)
at org.testng.SuiteRunner.run(SuiteRunner.java:336)
at org.testng.SuiteRunnerWorker.runSuite(SuiteRunnerWorker.java:52)
at org.testng.SuiteRunnerWorker.run(SuiteRunnerWorker.java:95)
at org.testng.TestNG.runSuitesSequentially(TestNG.java:1301)
at org.testng.TestNG.runSuitesLocally(TestNG.java:1228)
at org.testng.TestNG.runSuites(TestNG.java:1134)
at org.testng.TestNG.run(TestNG.java:1101)
at org.testng.remote.AbstractRemoteTestNG.run(AbstractRemoteTestNG.java:115)
at org.testng.remote.RemoteTestNG.initAndRun(RemoteTestNG.java:251)
at org.testng.remote.RemoteTestNG.main(RemoteTestNG.java:77)
]]>
            </full-stacktrace>
          </exception> <!-- java.lang.AssertionError -->
          <reporter-output>
          </reporter-output>
        </test-method> <!-- testAllCategory -->
        <test-method is-config="true" signature="closeBrowser()[pri:0, instance:employeemanagement.PimPageTest@75d4a5c2]" started-at="2024-03-28T12:52:45 IST" name="closeBrowser" finished-at="2024-03-28T12:52:47 IST" duration-ms="1460" status="PASS">
          <reporter-output>
          </reporter-output>
        </test-method> <!-- closeBrowser -->
      </class> <!-- employeemanagement.PimPageTest -->
    </test> <!-- Default test -->
  </suite> <!-- Default suite -->
</testng-results>
